CRITICAL - 2021-06-22 21:59:52 --> Cannot redeclare App\Controllers\Page::about()
#0 [internal function]: CodeIgniter\Debug\Exceptions->shutdownHandler()
#1 {main}
CRITICAL - 2021-06-22 22:00:27 --> syntax error, unexpected token "{", expecting "function" or "const"
#0 C:\xampp\htdocs\lab11_php_ci\ci4\system\Router\Router.php(169): CodeIgniter\Router\Router->autoRoute('page/about')
#1 C:\xampp\htdocs\lab11_php_ci\ci4\system\CodeIgniter.php(809): CodeIgniter\Router\Router->handle('page/about')
#2 C:\xampp\htdocs\lab11_php_ci\ci4\system\CodeIgniter.php(389): CodeIgniter\CodeIgniter->tryToRouteIt(Object(CodeIgniter\Router\RouteCollection))
#3 C:\xampp\htdocs\lab11_php_ci\ci4\system\CodeIgniter.php(336): CodeIgniter\CodeIgniter->handleRequest(NULL, Object(Config\Cache), false)
#4 C:\xampp\htdocs\lab11_php_ci\ci4\public\index.php(37): CodeIgniter\CodeIgniter->run()
#5 {main}
CRITICAL - 2021-06-22 22:00:58 --> syntax error, unexpected token "echo", expecting "function" or "const"
#0 C:\xampp\htdocs\lab11_php_ci\ci4\system\Router\Router.php(169): CodeIgniter\Router\Router->autoRoute('page/about')
#1 C:\xampp\htdocs\lab11_php_ci\ci4\system\CodeIgniter.php(809): CodeIgniter\Router\Router->handle('page/about')
#2 C:\xampp\htdocs\lab11_php_ci\ci4\system\CodeIgniter.php(389): CodeIgniter\CodeIgniter->tryToRouteIt(Object(CodeIgniter\Router\RouteCollection))
#3 C:\xampp\htdocs\lab11_php_ci\ci4\system\CodeIgniter.php(336): CodeIgniter\CodeIgniter->handleRequest(NULL, Object(Config\Cache), false)
#4 C:\xampp\htdocs\lab11_php_ci\ci4\public\index.php(37): CodeIgniter\CodeIgniter->run()
#5 {main}
CRITICAL - 2021-06-22 22:02:10 --> syntax error, unexpected token "echo", expecting "function" or "const"
#0 C:\xampp\htdocs\lab11_php_ci\ci4\system\Router\Router.php(169): CodeIgniter\Router\Router->autoRoute('page/about')
#1 C:\xampp\htdocs\lab11_php_ci\ci4\system\CodeIgniter.php(809): CodeIgniter\Router\Router->handle('page/about')
#2 C:\xampp\htdocs\lab11_php_ci\ci4\system\CodeIgniter.php(389): CodeIgniter\CodeIgniter->tryToRouteIt(Object(CodeIgniter\Router\RouteCollection))
#3 C:\xampp\htdocs\lab11_php_ci\ci4\system\CodeIgniter.php(336): CodeIgniter\CodeIgniter->handleRequest(NULL, Object(Config\Cache), false)
#4 C:\xampp\htdocs\lab11_php_ci\ci4\public\index.php(37): CodeIgniter\CodeIgniter->run()
#5 {main}
CRITICAL - 2021-06-22 22:02:11 --> syntax error, unexpected token "echo", expecting "function" or "const"
#0 C:\xampp\htdocs\lab11_php_ci\ci4\system\Router\Router.php(169): CodeIgniter\Router\Router->autoRoute('page/about')
#1 C:\xampp\htdocs\lab11_php_ci\ci4\system\CodeIgniter.php(809): CodeIgniter\Router\Router->handle('page/about')
#2 C:\xampp\htdocs\lab11_php_ci\ci4\system\CodeIgniter.php(389): CodeIgniter\CodeIgniter->tryToRouteIt(Object(CodeIgniter\Router\RouteCollection))
#3 C:\xampp\htdocs\lab11_php_ci\ci4\system\CodeIgniter.php(336): CodeIgniter\CodeIgniter->handleRequest(NULL, Object(Config\Cache), false)
#4 C:\xampp\htdocs\lab11_php_ci\ci4\public\index.php(37): CodeIgniter\CodeIgniter->run()
#5 {main}
CRITICAL - 2021-06-22 22:02:11 --> syntax error, unexpected token "echo", expecting "function" or "const"
#0 C:\xampp\htdocs\lab11_php_ci\ci4\system\Router\Router.php(169): CodeIgniter\Router\Router->autoRoute('page/about')
#1 C:\xampp\htdocs\lab11_php_ci\ci4\system\CodeIgniter.php(809): CodeIgniter\Router\Router->handle('page/about')
#2 C:\xampp\htdocs\lab11_php_ci\ci4\system\CodeIgniter.php(389): CodeIgniter\CodeIgniter->tryToRouteIt(Object(CodeIgniter\Router\RouteCollection))
#3 C:\xampp\htdocs\lab11_php_ci\ci4\system\CodeIgniter.php(336): CodeIgniter\CodeIgniter->handleRequest(NULL, Object(Config\Cache), false)
#4 C:\xampp\htdocs\lab11_php_ci\ci4\public\index.php(37): CodeIgniter\CodeIgniter->run()
#5 {main}
CRITICAL - 2021-06-22 22:02:16 --> syntax error, unexpected token "{", expecting "function" or "const"
#0 C:\xampp\htdocs\lab11_php_ci\ci4\system\Router\Router.php(169): CodeIgniter\Router\Router->autoRoute('page/about')
#1 C:\xampp\htdocs\lab11_php_ci\ci4\system\CodeIgniter.php(809): CodeIgniter\Router\Router->handle('page/about')
#2 C:\xampp\htdocs\lab11_php_ci\ci4\system\CodeIgniter.php(389): CodeIgniter\CodeIgniter->tryToRouteIt(Object(CodeIgniter\Router\RouteCollection))
#3 C:\xampp\htdocs\lab11_php_ci\ci4\system\CodeIgniter.php(336): CodeIgniter\CodeIgniter->handleRequest(NULL, Object(Config\Cache), false)
#4 C:\xampp\htdocs\lab11_php_ci\ci4\public\index.php(37): CodeIgniter\CodeIgniter->run()
#5 {main}
CRITICAL - 2021-06-22 22:02:57 --> syntax error, unexpected token "echo", expecting "function" or "const"
#0 C:\xampp\htdocs\lab11_php_ci\ci4\system\Router\Router.php(169): CodeIgniter\Router\Router->autoRoute('page/about')
#1 C:\xampp\htdocs\lab11_php_ci\ci4\system\CodeIgniter.php(809): CodeIgniter\Router\Router->handle('page/about')
#2 C:\xampp\htdocs\lab11_php_ci\ci4\system\CodeIgniter.php(389): CodeIgniter\CodeIgniter->tryToRouteIt(Object(CodeIgniter\Router\RouteCollection))
#3 C:\xampp\htdocs\lab11_php_ci\ci4\system\CodeIgniter.php(336): CodeIgniter\CodeIgniter->handleRequest(NULL, Object(Config\Cache), false)
#4 C:\xampp\htdocs\lab11_php_ci\ci4\public\index.php(37): CodeIgniter\CodeIgniter->run()
#5 {main}
CRITICAL - 2021-06-22 22:02:59 --> syntax error, unexpected token "echo", expecting "function" or "const"
#0 C:\xampp\htdocs\lab11_php_ci\ci4\system\Router\Router.php(169): CodeIgniter\Router\Router->autoRoute('page/about')
#1 C:\xampp\htdocs\lab11_php_ci\ci4\system\CodeIgniter.php(809): CodeIgniter\Router\Router->handle('page/about')
#2 C:\xampp\htdocs\lab11_php_ci\ci4\system\CodeIgniter.php(389): CodeIgniter\CodeIgniter->tryToRouteIt(Object(CodeIgniter\Router\RouteCollection))
#3 C:\xampp\htdocs\lab11_php_ci\ci4\system\CodeIgniter.php(336): CodeIgniter\CodeIgniter->handleRequest(NULL, Object(Config\Cache), false)
#4 C:\xampp\htdocs\lab11_php_ci\ci4\public\index.php(37): CodeIgniter\CodeIgniter->run()
#5 {main}
CRITICAL - 2021-06-22 22:02:59 --> syntax error, unexpected token "echo", expecting "function" or "const"
#0 C:\xampp\htdocs\lab11_php_ci\ci4\system\Router\Router.php(169): CodeIgniter\Router\Router->autoRoute('page/about')
#1 C:\xampp\htdocs\lab11_php_ci\ci4\system\CodeIgniter.php(809): CodeIgniter\Router\Router->handle('page/about')
#2 C:\xampp\htdocs\lab11_php_ci\ci4\system\CodeIgniter.php(389): CodeIgniter\CodeIgniter->tryToRouteIt(Object(CodeIgniter\Router\RouteCollection))
#3 C:\xampp\htdocs\lab11_php_ci\ci4\system\CodeIgniter.php(336): CodeIgniter\CodeIgniter->handleRequest(NULL, Object(Config\Cache), false)
#4 C:\xampp\htdocs\lab11_php_ci\ci4\public\index.php(37): CodeIgniter\CodeIgniter->run()
#5 {main}
CRITICAL - 2021-06-22 22:03:00 --> syntax error, unexpected token "echo", expecting "function" or "const"
#0 C:\xampp\htdocs\lab11_php_ci\ci4\system\Router\Router.php(169): CodeIgniter\Router\Router->autoRoute('page/about')
#1 C:\xampp\htdocs\lab11_php_ci\ci4\system\CodeIgniter.php(809): CodeIgniter\Router\Router->handle('page/about')
#2 C:\xampp\htdocs\lab11_php_ci\ci4\system\CodeIgniter.php(389): CodeIgniter\CodeIgniter->tryToRouteIt(Object(CodeIgniter\Router\RouteCollection))
#3 C:\xampp\htdocs\lab11_php_ci\ci4\system\CodeIgniter.php(336): CodeIgniter\CodeIgniter->handleRequest(NULL, Object(Config\Cache), false)
#4 C:\xampp\htdocs\lab11_php_ci\ci4\public\index.php(37): CodeIgniter\CodeIgniter->run()
#5 {main}
CRITICAL - 2021-06-22 22:03:12 --> Invalid file: about.php
#0 C:\xampp\htdocs\lab11_php_ci\ci4\system\View\View.php(213): CodeIgniter\Exceptions\FrameworkException::forInvalidFile('about.php')
#1 C:\xampp\htdocs\lab11_php_ci\ci4\system\Common.php(1271): CodeIgniter\View\View->render('about', Array, true)
#2 C:\xampp\htdocs\lab11_php_ci\ci4\app\Controllers\Page.php(11): view('about', Array)
#3 C:\xampp\htdocs\lab11_php_ci\ci4\system\CodeIgniter.php(928): App\Controllers\Page->about()
#4 C:\xampp\htdocs\lab11_php_ci\ci4\system\CodeIgniter.php(436): CodeIgniter\CodeIgniter->runController(Object(App\Controllers\Page))
#5 C:\xampp\htdocs\lab11_php_ci\ci4\system\CodeIgniter.php(336): CodeIgniter\CodeIgniter->handleRequest(NULL, Object(Config\Cache), false)
#6 C:\xampp\htdocs\lab11_php_ci\ci4\public\index.php(37): CodeIgniter\CodeIgniter->run()
#7 {main}
CRITICAL - 2021-06-22 22:03:13 --> Invalid file: about.php
#0 C:\xampp\htdocs\lab11_php_ci\ci4\system\View\View.php(213): CodeIgniter\Exceptions\FrameworkException::forInvalidFile('about.php')
#1 C:\xampp\htdocs\lab11_php_ci\ci4\system\Common.php(1271): CodeIgniter\View\View->render('about', Array, true)
#2 C:\xampp\htdocs\lab11_php_ci\ci4\app\Controllers\Page.php(11): view('about', Array)
#3 C:\xampp\htdocs\lab11_php_ci\ci4\system\CodeIgniter.php(928): App\Controllers\Page->about()
#4 C:\xampp\htdocs\lab11_php_ci\ci4\system\CodeIgniter.php(436): CodeIgniter\CodeIgniter->runController(Object(App\Controllers\Page))
#5 C:\xampp\htdocs\lab11_php_ci\ci4\system\CodeIgniter.php(336): CodeIgniter\CodeIgniter->handleRequest(NULL, Object(Config\Cache), false)
#6 C:\xampp\htdocs\lab11_php_ci\ci4\public\index.php(37): CodeIgniter\CodeIgniter->run()
#7 {main}
CRITICAL - 2021-06-22 22:03:14 --> Invalid file: about.php
#0 C:\xampp\htdocs\lab11_php_ci\ci4\system\View\View.php(213): CodeIgniter\Exceptions\FrameworkException::forInvalidFile('about.php')
#1 C:\xampp\htdocs\lab11_php_ci\ci4\system\Common.php(1271): CodeIgniter\View\View->render('about', Array, true)
#2 C:\xampp\htdocs\lab11_php_ci\ci4\app\Controllers\Page.php(11): view('about', Array)
#3 C:\xampp\htdocs\lab11_php_ci\ci4\system\CodeIgniter.php(928): App\Controllers\Page->about()
#4 C:\xampp\htdocs\lab11_php_ci\ci4\system\CodeIgniter.php(436): CodeIgniter\CodeIgniter->runController(Object(App\Controllers\Page))
#5 C:\xampp\htdocs\lab11_php_ci\ci4\system\CodeIgniter.php(336): CodeIgniter\CodeIgniter->handleRequest(NULL, Object(Config\Cache), false)
#6 C:\xampp\htdocs\lab11_php_ci\ci4\public\index.php(37): CodeIgniter\CodeIgniter->run()
#7 {main}
CRITICAL - 2021-06-22 22:03:14 --> Invalid file: about.php
#0 C:\xampp\htdocs\lab11_php_ci\ci4\system\View\View.php(213): CodeIgniter\Exceptions\FrameworkException::forInvalidFile('about.php')
#1 C:\xampp\htdocs\lab11_php_ci\ci4\system\Common.php(1271): CodeIgniter\View\View->render('about', Array, true)
#2 C:\xampp\htdocs\lab11_php_ci\ci4\app\Controllers\Page.php(11): view('about', Array)
#3 C:\xampp\htdocs\lab11_php_ci\ci4\system\CodeIgniter.php(928): App\Controllers\Page->about()
#4 C:\xampp\htdocs\lab11_php_ci\ci4\system\CodeIgniter.php(436): CodeIgniter\CodeIgniter->runController(Object(App\Controllers\Page))
#5 C:\xampp\htdocs\lab11_php_ci\ci4\system\CodeIgniter.php(336): CodeIgniter\CodeIgniter->handleRequest(NULL, Object(Config\Cache), false)
#6 C:\xampp\htdocs\lab11_php_ci\ci4\public\index.php(37): CodeIgniter\CodeIgniter->run()
#7 {main}
CRITICAL - 2021-06-22 22:10:45 --> Invalid file: about.php
#0 C:\xampp\htdocs\lab11_php_ci\ci4\system\View\View.php(213): CodeIgniter\Exceptions\FrameworkException::forInvalidFile('about.php')
#1 C:\xampp\htdocs\lab11_php_ci\ci4\system\Common.php(1271): CodeIgniter\View\View->render('about', Array, true)
#2 C:\xampp\htdocs\lab11_php_ci\ci4\app\Controllers\Page.php(11): view('about', Array)
#3 C:\xampp\htdocs\lab11_php_ci\ci4\system\CodeIgniter.php(928): App\Controllers\Page->about()
#4 C:\xampp\htdocs\lab11_php_ci\ci4\system\CodeIgniter.php(436): CodeIgniter\CodeIgniter->runController(Object(App\Controllers\Page))
#5 C:\xampp\htdocs\lab11_php_ci\ci4\system\CodeIgniter.php(336): CodeIgniter\CodeIgniter->handleRequest(NULL, Object(Config\Cache), false)
#6 C:\xampp\htdocs\lab11_php_ci\ci4\public\index.php(37): CodeIgniter\CodeIgniter->run()
#7 {main}
